Running on: cuda:1
Files already downloaded and verified
Feature extractor: resnet18
Pre-trained weights not found. Training from scratch.
16.50237464904785 35.68762159347534 63.32662630081177
14.619369983673096 35.079479694366455 52.63674020767212
15.159180959065756 34.91892671585083 56.0361590385437
14.86087942123413 34.73713684082031 54.42813968658447
13.129707018534342 34.59927940368652 44.17896270751953
14.482325871785482 34.348605155944824 52.545350074768066
13.951813220977783 34.35542821884155 49.35545110702515
14.118760585784912 34.07149362564087 50.6410698890686
13.384367307027182 34.12738656997681 46.17881727218628
14.897402286529541 33.96348428726196 55.42092943191528
14.081737359364828 33.929001808166504 50.56142234802246
13.393929481506348 33.94894981384277 46.41462707519531
15.26337162653605 33.78736925125122 57.79286050796509
16.19388739267985 33.778048515319824 63.38527584075928
14.541165669759115 33.743629932403564 53.50336408615112
20.19102732340495 33.753910541534424 87.39225339889526
17.47599919637044 33.953765869140625 70.90222930908203
13.267890135447184 33.683019161224365 45.92432165145874
15.993865648905436 33.51620531082153 62.446988582611084
14.924222469329834 33.61374282836914 55.93159198760986
17.280447006225586 33.67949867248535 70.00318336486816
17.529848098754883 33.75504398345947 71.42404460906982
15.714907964070639 33.54944467544556 60.74000310897827
17.425132751464844 33.48352241516113 71.06727409362793
15.010576407114664 33.47962760925293 56.58383083343506
16.626613934834797 33.39564847946167 66.36403512954712
14.236416975657145 33.444294452667236 51.974207401275635
14.896604537963867 33.530696392059326 55.84893083572388
15.627024173736572 33.511208057403564 60.25093698501587
17.711459795633953 33.30380916595459 72.96494960784912
17.385755221048992 33.385690689086914 70.92884063720703
15.840649286905924 33.326090812683105 61.71780490875244
16.11305824915568 33.22007179260254 63.45827770233154
17.052547772725422 33.22708034515381 69.08820629119873
15.669530550638834 33.2127685546875 60.80441474914551
20.039004643758137 33.15631437301636 87.07771348953247
20.190312385559082 33.24135494232178 87.90051937103271
16.59291648864746 33.282713890075684 66.27478504180908
19.784069697062176 33.191153049468994 85.51326513290405
17.71975803375244 33.20516777038574 73.1133804321289
20.201350212097168 33.15475034713745 88.05335092544556
17.578961690266926 33.35731744766235 72.11645269393921
18.58843994140625 33.166664123535156 78.36397552490234
18.585701942443848 33.113176345825195 78.40103530883789
17.71153672536214 33.15235471725464 73.11686563491821
20.803224563598633 33.148218631744385 91.67112874984741
19.640231768290203 33.14293575286865 84.69845485687256
19.385244369506836 33.22369337081909 83.08777284622192
19.776448885599773 33.07631206512451 85.58238124847412
17.875125249226887 33.092660427093506 74.15809106826782
18.011436462402344 33.17629957199097 74.8923192024231
19.42940362294515 33.15083932876587 83.42558240890503
18.912638664245605 33.1843900680542 80.29144191741943
22.065538088480633 33.00515127182007 99.38807725906372
20.01958719889323 33.07389163970947 87.0436315536499
16.951366583506267 32.961841106414795 68.7463583946228
20.615737279256184 33.05477714538574 90.63964653015137
19.20950190226237 32.94338417053223 82.31362724304199
20.422547658284504 33.032291412353516 89.50299453735352
18.63333797454834 32.9274001121521 78.87262773513794
18.78294849395752 32.944058418273926 79.75363254547119
20.622786204020183 32.974628925323486 90.76208829879761
18.428340593973797 33.052467346191406 77.51757621765137
18.505798021952312 32.983869552612305 78.05091857910156
18.52131716410319 33.06350517272949 78.06439781188965
19.864234924316406 33.027366638183594 86.15804290771484
17.59842650095622 33.02443790435791 72.5661211013794
20.493853251139324 33.01617908477783 89.9469404220581
18.135892550150555 32.951030254364014 75.8643250465393
22.513049443562824 32.96554374694824 102.11275291442871
19.188769658406574 32.7936897277832 82.33892822265625
20.01806131998698 32.89241933822632 87.21594858169556
21.12635326385498 32.891565799713135 93.86655378341675
20.59656302134196 32.957101821899414 90.62227630615234
18.64072593053182 32.93920612335205 78.90514945983887
19.345001538594563 32.95599174499512 83.11401748657227
19.98749764760335 32.82707118988037 87.09791469573975
19.923667589823406 32.85667133331299 86.68533420562744
19.62289841969808 32.80774450302124 84.92964601516724
20.556694348653156 32.90128231048584 90.4388837814331
20.243069330851238 32.94107246398926 88.51734352111816
19.361968676249187 32.78994607925415 83.38186597824097
23.402291297912598 32.82295370101929 107.5907940864563
18.480915705362957 32.789424896240234 78.0960693359375
20.920079867045086 32.90382719039917 92.61665201187134
19.711432774861652 32.851139545440674 85.41745710372925
19.87520408630371 32.78037214279175 86.47085237503052
21.830439885457356 32.77518177032471 98.20745754241943
21.93654155731201 32.852806091308594 98.76644325256348
19.78655497233073 32.74848556518555 85.97084426879883
19.377885818481445 32.74274778366089 83.52456712722778
21.971691131591797 32.8200249671936 99.01012182235718
20.632129669189453 32.77543544769287 91.01734256744385
19.32416756947835 32.826539516448975 83.11846590042114
19.736845016479492 32.78783845901489 85.63323163986206
21.7322572072347 32.794209003448486 97.59933423995972
19.302956581115723 32.84093379974365 82.97680568695068
20.639270464579266 32.7576961517334 91.07792663574219
22.610639890034992 32.70634174346924 102.95749759674072
19.966883023579914 32.741785526275635 87.05951261520386
20.432458241780598 32.64002799987793 89.95472145080566
20.731502850850422 32.65810585021973 91.73091125488281
19.832837740580242 32.68451404571533 86.31251239776611
19.510506947835285 32.87566900253296 84.18737268447876
22.487568219502766 32.72400903701782 102.20140027999878
18.510040124257404 32.73611259460449 78.32412815093994
19.777806599934895 32.719332695007324 85.94750690460205
19.63692633310954 32.76059913635254 85.06095886230469
21.739527702331543 32.645731925964355 97.7914342880249
20.611003875732422 32.72817897796631 90.93784427642822
21.450180689493816 32.71019268035889 95.990891456604
19.341700553894043 32.83997964859009 83.21022367477417
19.89470609029134 32.758026123046875 86.61021041870117
19.825966199239094 32.73849058151245 86.21730661392212
20.130118370056152 32.699782371520996 88.08092784881592
20.003089269002277 32.78684854507446 87.23168706893921
21.294169425964355 32.71079206466675 95.05422449111938
20.666098912556965 32.597829818725586 91.39876365661621
23.924126942952473 32.635024070739746 110.9097375869751
21.001265207926433 32.626774311065674 93.38081693649292
21.748053232828777 32.637067794799805 97.85125160217285
19.94542344411214 32.62616539001465 87.0463752746582
20.917070388793945 32.77909469604492 92.72332763671875
21.417194366455078 32.65410852432251 95.84905767440796
20.830695788065594 32.728647232055664 92.25552749633789
20.3783597946167 32.655734062194824 89.61442470550537
22.23300902048747 32.65991258621216 100.73814153671265
22.83061408996582 32.56467390060425 104.41901063919067
20.27639929453532 32.610215187072754 89.04818058013916
20.73279857635498 32.628174781799316 91.76861667633057
20.847200393676758 32.55328369140625 92.5299186706543
20.368830998738606 32.73020935058594 89.4827766418457
18.615671157836914 32.6898775100708 79.00414943695068
20.66494592030843 32.674723625183105 91.31495189666748
19.36131191253662 32.65707492828369 83.51079654693604
21.19083054860433 32.647878646850586 94.49710464477539
23.2807518641154 32.603848934173584 107.0806622505188
22.282014846801758 32.57528734207153 101.11680173873901
21.631670316060383 32.80380153656006 96.98622035980225
22.203616460164387 32.596951961517334 100.624746799469
20.317883491516113 32.611244201660156 89.29605674743652
19.990583419799805 32.555978298187256 87.38752222061157
20.95565382639567 32.64036512374878 93.09355783462524
20.24738597869873 32.475677490234375 89.00863838195801
22.571593920389812 32.48995065689087 102.939612865448
24.14224116007487 32.730520248413086 112.12292671203613
20.60939820607503 32.55512619018555 91.10126304626465
21.92376168568929 32.566890716552734 98.97567939758301
21.17422580718994 32.517613887786865 94.52774095535278
22.95051097869873 32.55982303619385 105.14324283599854
19.85953680674235 32.62330770492554 86.53391313552856
20.83858839670817 32.54934740066528 92.48218297958374
20.45912965138753 32.4702935218811 90.28448438644409
20.384471257527668 32.648619651794434 89.65820789337158
20.738154729207356 32.62813472747803 91.80079364776611
20.460593541463215 32.65831279754639 90.10524845123291
21.24391523996989 32.6305136680603 94.83297777175903
21.37719790140788 32.47830152511597 95.7848858833313
21.820014635721844 32.52418851852417 98.39589929580688
23.055450121561687 32.64074468612671 105.69195604324341
21.454172134399414 32.57423448562622 96.15079832077026
25.087300300598145 32.487067222595215 118.03673458099365
21.152783393859863 32.49182748794556 94.42487287521362
20.905160586039226 32.49602460861206 92.93493890762329
21.713673273722332 32.530030250549316 97.75200939178467
21.00862757364909 32.53428649902344 93.5174789428711
20.293999989827473 32.488136768341064 89.27586317062378
23.255491892496746 32.518646240234375 107.0143051147461
21.958492596944172 32.50302028656006 99.24793529510498
21.41657257080078 32.48232936859131 96.01710605621338
23.7708002726237 32.61428451538086 110.01051712036133
20.522155443827312 32.499199867248535 90.63373279571533
20.696036020914715 32.58082962036133 91.59538650512695
20.765321413675945 32.50601100921631 92.08591747283936
19.20491600036621 32.44613790512085 82.78335809707642
22.115442276000977 32.503950119018555 100.1887035369873
24.95518747965495 32.48737573623657 117.24374914169312
22.962730089823406 32.39733648300171 105.37904405593872
20.298223813374836 32.466575622558594 89.32276725769043
22.05642573038737 32.531644344329834 99.80691003799438
21.830929438273113 32.43903875350952 98.54653787612915
19.15665276845296 32.438220500946045 82.50169610977173
23.062813758850098 32.44064950942993 105.93623304367065
22.646142959594727 32.52020072937012 103.35665702819824
20.439462025960285 32.51692342758179 90.11984872817993
21.85747718811035 32.55992555618286 98.58493757247925
20.803100903828938 32.47583723068237 92.34276819229126
20.990964889526367 32.40734338760376 93.53844594955444
22.942673365275066 32.392183780670166 105.26385641098022
19.96070925394694 32.47791862487793 87.28633689880371
20.34611701965332 32.39594507217407 89.68075704574585
20.105404535929363 32.42150402069092 88.21092319488525
20.39744249979655 32.41078424453735 89.97387075424194
19.858106295267742 32.499266624450684 86.64937114715576
23.321828206380207 32.413578510284424 107.51739072799683
22.561254183451336 32.44669198989868 102.92083311080933
20.959134101867676 32.42679691314697 93.32800769805908
21.50347836812337 32.463648319244385 96.55722188949585
20.621484756469727 32.439393043518066 91.2895154953003
20.752169609069824 32.46968746185303 92.04333019256592
20.404849370320637 32.29077100753784 90.13832521438599
20.647902488708496 32.29689693450928 91.5905179977417
21.807959874471027 32.34016036987305 98.50759887695312
23.707913716634113 32.396204471588135 109.85127782821655
20.7528076171875 32.38416862487793 92.13267707824707
20.94738833109538 32.34486246109009 93.33946752548218
21.09905179341634 32.43484878540039 94.15946197509766
23.98561191558838 32.483389377593994 111.43028211593628
23.087353706359863 32.4556450843811 106.06847715377808
23.38161055246989 32.448750495910645 107.84091281890869
20.987546920776367 32.33173370361328 93.59354782104492
22.30513858795166 32.33843946456909 101.49239206314087
21.252339680989582 32.30628776550293 95.20775032043457
20.85043716430664 32.37638759613037 92.72623538970947
22.295252482096355 32.304946422576904 101.46656847000122
24.16560649871826 32.33769464492798 112.65594434738159
19.675791422526043 32.36821126937866 85.68653726577759
21.789132436116535 32.42990589141846 98.30488872528076
21.529624303181965 32.32832908630371 96.84941673278809
23.0738582611084 32.48259258270264 105.96055698394775
19.706767717997234 32.28754138946533 85.95306491851807
21.40631039937337 32.34437036514282 96.09349203109741
21.510255813598633 32.29418897628784 96.76734590530396
20.75247287750244 32.43167734146118 92.08315992355347
25.23753833770752 32.404125690460205 119.02110433578491
22.85350513458252 32.31884431838989 104.80218648910522
21.044467290242512 32.3708701133728 93.89593362808228
20.682564735412598 32.37095642089844 91.72443199157715
24.72154935201009 32.33780860900879 115.99148750305176
21.83288033803304 32.23644399642944 98.7608380317688
18.992401440938313 32.37690019607544 81.57750844955444
23.42177168528239 32.32778072357178 108.20284938812256
22.448150634765625 32.351033210754395 102.33787059783936
20.529028574625652 32.185091495513916 90.98907995223999
23.435180346171062 32.33764362335205 108.27343845367432
21.273977279663086 32.43360900878906 95.21025466918945
20.88545799255371 32.37581443786621 92.93693351745605
21.586960156758625 32.21292495727539 97.30883598327637
20.354158719380695 32.30608606338501 89.81886625289917
24.147850036621094 32.17430353164673 112.71279668807983
22.327907880147297 32.444035053253174 101.52341222763062
22.13922945658366 32.34233808517456 100.49303865432739
19.65319760640462 32.23953723907471 85.67964839935303
21.759214719136555 32.18129587173462 98.37399244308472
21.8730951944987 32.17523717880249 99.0633339881897
20.680163383483887 32.35426664352417 91.72671365737915
20.72986380259196 32.27175807952881 92.10742473602295
20.43809763590495 32.233285903930664 90.39529991149902
22.488330523173016 32.28963088989258 102.64035224914551
19.51653258005778 32.29147958755493 84.80771589279175
20.079372723897297 32.186898708343506 88.28933763504028
25.01003583272298 32.39550495147705 117.66471004486084
22.054785410563152 32.29137325286865 100.03733921051025
20.85984706878662 32.22628974914551 92.93279266357422
24.804494857788086 32.25114059448242 116.5758285522461
19.892841657002766 32.33054971694946 87.02650022506714
20.751158396402996 32.23003387451172 92.27691650390625
20.645081837972004 32.26030969619751 91.61018133163452
21.000501314798992 32.16784906387329 93.83515882492065
26.10768922170003 32.24595260620117 124.40018272399902
22.607399622599285 32.26139497756958 103.38300275802612
22.246361414591473 32.22314500808716 101.25502347946167
22.00894610087077 32.27817678451538 99.77549982070923
22.55711841583252 32.19760608673096 103.14510440826416
23.241293907165527 32.21602725982666 107.2317361831665
20.596559524536133 32.186174392700195 91.3931827545166
21.806049664815266 32.237059593200684 98.59923839569092
22.11085383097331 32.292465686798096 100.37265729904175
20.340182940165203 32.28211736679077 89.75898027420044
20.292996724446613 32.1320595741272 89.62592077255249
22.342809677124023 32.370906829833984 101.68595123291016
20.254686037699383 32.196823596954346 89.33129262924194
21.51556936899821 32.337467193603516 96.75594902038574
22.367202123006184 32.3078293800354 101.89538335800171
20.218469937642414 32.26573896408081 89.04508066177368
20.71615727742513 32.235679626464844 92.06126403808594
20.357379913330078 32.22820043563843 89.91607904434204
21.949849764506023 32.26619100570679 99.43290758132935
23.180981318155926 32.1677451133728 106.91814279556274
22.39031442006429 32.29025220870972 102.05163431167603
22.516156514485676 32.23176908493042 102.86517000198364
21.21358871459961 32.16312789916992 95.11840438842773
23.003838857014973 32.17678117752075 105.84625196456909
21.65331236521403 32.237082958221436 97.68279123306274
23.97842248280843 32.2511191368103 111.61941576004028
20.937101364135742 32.23424530029297 93.38836288452148
22.00692335764567 32.253615856170654 99.78792428970337
24.03928279876709 32.18720006942749 112.04849672317505
24.336271286010742 32.23856163024902 113.77906608581543
25.168161074320476 32.12750196456909 118.88146448135376
23.76512082417806 32.21218967437744 110.37853527069092
23.083040873209637 32.15619611740112 106.34204912185669
21.952376047770183 32.21301031112671 99.50124597549438
22.501856803894043 32.22961473464966 102.7815260887146
20.687724431355793 32.161367416381836 91.96497917175293
22.097324053446453 32.363582134246826 100.22036218643188
21.60815715789795 32.19576978683472 97.45317316055298
21.6599760055542 32.10688495635986 97.85297107696533
21.165864944458008 32.15463590621948 94.84055376052856
23.44825267791748 32.18570566177368 108.5038104057312
21.10110378265381 32.11282014846802 94.49380254745483
25.43478997548421 32.18812036514282 120.42061948776245
22.387654622395832 32.10322046279907 102.22270727157593
21.357803344726562 32.06057691574097 96.08624315261841
22.824717203776043 32.18204736709595 104.7662558555603
21.770889600118 32.273990631103516 98.35134696960449
23.463666280110676 32.13259506225586 108.6494026184082
22.685290654500324 32.04404306411743 104.06770086288452
25.49633566538493 32.12884855270386 120.84916543960571
24.466824849446613 32.167213439941406 114.63373565673828
23.359122276306152 32.14500904083252 108.0097246170044
23.053211212158203 32.16065692901611 106.1586103439331
20.754053751627605 32.118027210235596 92.40629529953003
20.88462956746419 32.06294107437134 93.24483633041382
23.03316307067871 32.20537185668945 105.99360656738281
23.08148701985677 32.21615982055664 106.27276229858398
21.44251887003581 32.02096700668335 96.6341462135315
20.37932809193929 32.08212184906006 90.19384670257568
28.99941635131836 32.15865421295166 141.8378438949585
21.93286418914795 32.12389612197876 99.47328901290894
22.497120539347332 32.152562618255615 102.83016061782837
19.761579831441242 32.11266469955444 86.45681428909302
24.787533124287922 32.239935874938965 116.48526287078857
22.48696009318034 32.22771120071411 102.69404935836792
22.65766175587972 32.07517194747925 103.87079858779907
23.446048100789387 32.1442756652832 108.53201293945312
22.09619967142741 32.12238597869873 100.45481204986572
22.169696807861328 32.15928888320923 100.85889196395874
20.36189365386963 32.037567138671875 90.1337947845459
21.93132781982422 32.12154722213745 99.46641969680786
24.343765258789062 32.097572803497314 113.96501874923706
21.606351852416992 32.1762900352478 97.46182107925415
24.061773935953777 32.123406410217285 112.24723720550537
23.950599034627277 32.095887184143066 111.6077070236206
21.84521484375 32.201348304748535 98.86994075775146
24.46527926127116 32.1661639213562 114.62551164627075
23.543437957763672 32.084004402160645 109.17662334442139
22.461793581644695 31.99431562423706 102.7764458656311
23.886371612548828 32.142438888549805 111.17579078674316
22.16545804341634 32.059288024902344 100.9334602355957
23.542760213216145 32.14570760726929 109.11085367202759
25.67743460337321 32.11574077606201 121.94886684417725
23.43311373392741 32.09295415878296 108.5057282447815
23.05612309773763 32.0865797996521 106.25015878677368
25.55680751800537 32.14267015457153 121.1981749534607
26.409919102986652 32.09786128997803 126.3616533279419
23.631673177083332 32.076815605163574 109.71322345733643
24.368125279744465 32.04180097579956 114.16695070266724
23.73565928141276 32.003535747528076 110.41041994094849
24.66180960337321 32.12092924118042 115.84992837905884
21.854525883992512 32.10168170928955 99.02547359466553
21.891547838846844 32.12161827087402 99.22766876220703
22.316033681233723 32.071584701538086 101.82461738586426
23.586028734842937 31.93770456314087 109.57846784591675
24.024813969930012 32.12840175628662 112.02048206329346
24.65533701578776 32.08805274963379 115.84396934509277
22.80332851409912 32.04434823989868 104.77562284469604
23.978005091349285 32.020745277404785 111.84728527069092
24.244621594746906 32.05836200714111 113.40936756134033
21.776217778523762 32.16711950302124 98.49018716812134
21.884982426961262 31.928252696990967 99.38164186477661
23.584864298502605 32.079030990600586 109.43015480041504
22.911330223083496 32.02646207809448 105.4415192604065
21.24251079559326 32.12244367599487 95.3326210975647
23.901824633280437 32.12117576599121 111.2897720336914
21.942472139994305 32.02423095703125 99.63060188293457
22.120153427124023 32.0800518989563 100.64086866378784
23.55688699086507 31.97519302368164 109.36612892150879
22.121373494466145 32.05921125411987 100.669029712677
23.059289932250977 31.960392475128174 106.39534711837769
25.197111129760742 32.08073854446411 119.10192823410034
24.24841372172038 32.085482120513916 113.40500020980835
23.740066210428875 32.05984354019165 110.38055372238159
23.139719009399414 31.950867176055908 106.88744688034058
24.5443213780721 32.06889486312866 115.19703340530396
23.059864044189453 32.03481912612915 106.32436513900757
22.51452414194743 32.05534362792969 103.03180122375488
24.083325386047363 32.05251455307007 112.44743776321411
24.491064071655273 32.01177453994751 114.93460988998413
24.062231699625652 31.988616943359375 112.38477325439453
22.982897122701008 32.03399896621704 105.86338376998901
23.87361176808675 32.003310203552246 111.23836040496826
22.943379402160645 31.928242683410645 105.73203372955322
23.57039515177409 32.05306053161621 109.36931037902832
21.68688710530599 31.983840942382812 98.13748168945312
21.906673431396484 32.060033321380615 99.38000726699829
24.489717483520508 32.036656856536865 114.90164804458618
22.47451337178548 32.009263038635254 102.83781719207764
24.611576716105144 31.968385219573975 115.70107507705688
23.33833185831706 31.96442985534668 108.06556129455566
24.44460678100586 31.99851655960083 114.66912412643433
23.182486534118652 32.07118272781372 107.0237364768982
25.719835599263508 32.07446050643921 122.24455308914185
23.578617413838703 32.02494287490845 109.44676160812378
22.083585739135742 32.008254528045654 100.4932599067688
22.545305252075195 31.991915225982666 103.2799162864685
21.970184961954754 31.952856063842773 99.86825370788574
23.45826594034831 32.01963233947754 108.7299633026123
23.15325864156087 31.921311378479004 106.99824047088623
21.37574005126953 31.9627423286438 96.29169797897339
22.73261483510335 31.930437088012695 104.46525192260742
23.348482131958008 31.910852432250977 108.18004035949707
23.20007038116455 31.98462438583374 107.21579790115356
24.322447141011555 32.02448034286499 113.91020250320435
24.102362950642902 32.04078722000122 112.5733904838562
22.048022270202637 31.999269485473633 100.28886413574219
25.11447302500407 31.93844223022461 118.7483959197998
23.207633018493652 32.00588130950928 107.23991680145264
22.243708928426106 31.961185455322266 101.50106811523438
22.479405403137207 31.990084648132324 102.88634777069092
22.552241961161297 32.05162572860718 103.2618260383606
23.31340154012044 31.982306003570557 107.8981032371521
24.395943641662598 32.01804542541504 114.35761642456055
26.291082700093586 31.909162521362305 125.83733367919922
23.893630027770996 31.924598217010498 111.43718194961548
22.657272338867188 31.9162015914917 104.02743244171143
27.451098759969074 31.955214977264404 132.75137758255005
28.242002487182617 31.9115252494812 137.5404896736145
28.582603454589844 31.963993072509766 139.5316276550293
23.773190180460613 31.9193696975708 110.71977138519287
22.8467280069987 31.913576126098633 105.16679191589355
24.87718391418457 31.978833198547363 117.28427028656006
24.20840899149577 32.055723667144775 113.19473028182983
25.470712661743164 31.954898357391357 120.86937761306763
22.29927349090576 31.928650379180908 101.86699056625366
22.36921723683675 31.87688636779785 102.33841705322266
23.823919614156086 31.92708683013916 111.01643085479736
25.46321900685628 31.85857343673706 120.92074060440063
25.043381690979004 31.99307155609131 118.26721858978271
22.510518074035645 31.924381732940674 103.1387267112732
25.976762453715008 32.00416421890259 123.85641050338745
22.055122057596844 31.965320110321045 100.36541223526001
27.371423721313477 32.00254249572754 132.22599983215332
23.226670265197754 32.029996395111084 107.33002519607544
23.01004441579183 31.952370166778564 106.10789632797241
26.095247904459637 31.930436611175537 124.64105081558228
24.04355525970459 31.974279403686523 112.28705215454102
25.053852081298828 31.976674556732178 118.34643793106079
22.77211634318034 31.973600387573242 104.65909767150879
25.798462231953938 32.020628452301025 122.77014493942261
24.67706871032715 31.859520435333252 116.20289182662964
23.984347343444824 31.9465012550354 111.95958280563354
25.46337095896403 31.910000324249268 120.87022542953491
24.55689239501953 31.849323749542236 115.49203062057495
26.477087020874023 31.96568775177002 126.89683437347412
25.09426784515381 31.92560863494873 118.63999843597412
25.357317288716633 31.917402267456055 120.22650146484375
20.95797348022461 31.989724159240723 93.75811672210693
23.56576633453369 31.9261417388916 109.46845626831055
20.854179700215656 31.874557495117188 93.25052070617676
25.5759859085083 32.01882791519165 121.43708753585815
23.708402633666992 31.971367835998535 110.27904796600342
24.587784131368 31.847897052764893 115.67880773544312
24.473570505777996 31.930187702178955 114.91123533248901
23.555972417195637 31.882874965667725 109.4529595375061
25.233486493428547 31.87114906311035 119.52976989746094
24.379531542460125 31.85267210006714 114.4245171546936
25.664350827534992 31.88734006881714 122.09876489639282
25.81441020965576 31.889084339141846 122.99737691879272
24.861998240152996 31.867854595184326 117.30413484573364
24.57249132792155 31.950578689575195 115.4843692779541
25.38791052500407 31.88787317276001 120.4395899772644
25.370092391967773 31.9284725189209 120.29208183288574
26.649521827697754 32.09024667739868 127.80688428878784
22.607645988464355 32.003079891204834 103.6427960395813
22.976465543111164 31.931382179260254 105.92741107940674
23.08153247833252 31.906423568725586 106.58277130126953
23.489705721537273 31.88712787628174 109.0511064529419
24.182507197062176 31.78773593902588 113.30730724334717
24.037493387858074 31.816309452056885 112.40865087509155
23.178951263427734 31.842265605926514 107.23144197463989
24.972021738688152 31.86519956588745 117.96693086624146
23.5971523920695 31.83125877380371 109.75165557861328
26.56825606028239 31.88241672515869 127.52711963653564
27.105311075846355 31.89821434020996 130.73365211486816
24.236796379089355 31.904921531677246 113.51585674285889
22.435646057128906 31.95045757293701 102.66341876983643
24.875444094340008 31.776679515838623 117.47598505020142
25.015908241271973 31.87394380569458 118.22150564193726
23.229942957560223 31.8482666015625 107.53139114379883
25.92042859395345 31.921138763427734 123.60143280029297
24.100842475891113 31.870028018951416 112.73502683639526
24.355339686075848 31.856233596801758 114.27580451965332
23.887464205423992 31.92434310913086 111.40044212341309
25.201207796732586 31.86732292175293 119.33992385864258
23.99876658121745 31.84484100341797 112.14775848388672
26.48145802815755 31.85330104827881 127.0354471206665
23.775580724080402 31.811458110809326 110.8420262336731
24.31713930765788 31.80228090286255 114.10055494308472
25.389191309611004 31.989999771118164 120.34514808654785
24.784741083780926 31.93662118911743 116.77182531356812
25.77308718363444 31.878817081451416 122.75970602035522
24.148582140604656 31.91116428375244 112.98032855987549
25.78027121225993 31.86042022705078 122.82120704650879
24.77227020263672 31.913463592529297 116.72015762329102
23.794723510742188 31.826502799987793 110.94183826446533
26.285412152608234 31.880366802215576 125.83210611343384
25.89492130279541 31.844358921051025 123.52516889572144
24.593736330668133 31.924092769622803 115.63832521438599
22.859263737996418 31.822604656219482 105.33297777175903
22.831921259562176 31.846993923187256 105.14453363418579
23.050199508666992 31.875418186187744 106.42577886581421
23.94422181447347 31.86013126373291 111.80519962310791
23.78061644236247 31.874253749847412 110.80944490432739
23.013855298360188 31.72783899307251 106.35529279708862
23.406086285909016 31.894207000732422 108.54231071472168
24.289931933085125 31.784775733947754 113.95481586456299
22.660374641418457 31.71826457977295 104.2439832687378
24.850196202596027 31.83170986175537 117.2694673538208
24.707093874613445 31.867087364196777 116.37547588348389
23.636871337890625 31.835636138916016 109.98559188842773
23.090972264607746 31.710740566253662 106.83509302139282
25.664560953776043 31.805298328399658 122.18206739425659
25.302775700887043 31.853196620941162 119.9634575843811
27.333983103434246 31.82866096496582 132.17523765563965
24.716421445210774 31.93447732925415 116.3640513420105
23.84309260050456 31.784488201141357 111.27406740188599
23.3241179784139 31.813730239868164 108.13097763061523
21.743353525797527 31.83195972442627 98.62816143035889
22.86372248331706 31.835800647735596 105.34653425216675
23.025737762451172 31.750662326812744 106.40376424789429
24.219218254089355 31.90252447128296 113.41278505325317
24.096036275227863 31.731804370880127 112.84441328048706
24.34821605682373 31.7472505569458 114.34204578399658
22.088095664978027 31.77573585510254 100.75283813476562
23.87756633758545 31.801263332366943 111.46413469314575
25.52967580159505 31.77010488510132 121.407949924469
26.000780423482258 31.852233409881592 124.15244913101196
24.370343526204426 31.82829236984253 114.39376878738403
24.83392333984375 31.81809902191162 117.18544101715088
24.128568649291992 31.818068504333496 112.95334339141846
22.86336390177409 31.88310956954956 105.29707384109497
25.61082108815511 31.855129718780518 121.80979681015015
24.652638753255207 31.8656587600708 116.05017375946045
23.370825449625652 31.805878162384033 108.41907453536987
23.914716720581055 31.8677339553833 111.62056636810303
23.680105209350586 31.85800838470459 110.22262287139893
27.026878039042156 31.817732334136963 130.34353590011597
24.12977123260498 31.73214292526245 113.04648447036743
24.680805842081707 31.671709060668945 116.41312599182129
25.234941164652508 31.770514011383057 119.63913297653198
25.41656239827474 31.73416042327881 120.76521396636963
23.463093121846516 31.851614475250244 108.92694425582886
25.548012415568035 31.70759630203247 121.58047819137573
25.922561645507812 31.861254692077637 123.67411518096924
27.644939104715984 31.816157817840576 134.05347681045532
25.760799725850422 31.75662326812744 122.8081750869751
23.91077168782552 31.749144554138184 111.71548557281494
23.905553499857586 31.761735439300537 111.67158555984497
24.65651003519694 31.844860553741455 116.09419965744019
23.32742182413737 31.699381828308105 108.26514911651611
23.08995787302653 31.806196212768555 106.73355102539062
25.026954650878906 31.78673219680786 118.37499570846558
27.240631103515625 31.811720848083496 131.63206577301025
26.536597569783527 31.76944589614868 127.45013952255249
26.59327220916748 31.73324966430664 127.82638359069824
25.422492027282715 31.786248683929443 120.74870347976685
27.362538019816082 31.833641529083252 132.34158658981323
27.369171142578125 31.813237190246582 132.40178966522217
26.030452728271484 31.762673377990723 124.42004299163818
27.93806807200114 31.738319396972656 135.89008903503418
25.418228149414062 31.8141508102417 120.69521808624268
27.925625165303547 31.833110809326172 135.72064018249512
24.91340700785319 31.707518100738525 117.77292394638062
26.21199607849121 31.77756643295288 125.49441003799438
25.1550776163737 31.709503173828125 119.22096252441406
26.14628537495931 31.81102228164673 125.06668996810913
24.071214358011883 31.757806301116943 112.66947984695435
26.38690948486328 31.80706787109375 126.51438903808594
26.38941192626953 31.833985805511475 126.50248575210571
27.65380605061849 31.69872283935547 134.22411346435547
26.860313415527344 31.73882484436035 129.4230556488037
27.572429339090984 31.70305824279785 133.73151779174805
25.150421142578125 31.791428565979004 119.11109828948975
27.596831639607746 31.749497413635254 133.83149242401123
27.021070162455242 31.82698106765747 130.29943990707397
30.183716773986816 31.762170791625977 149.34012985229492
25.84238115946452 31.781500816345215 123.2727861404419
23.409292538960774 31.811188220977783 108.64456701278687
24.557685534159344 31.677895069122314 115.66821813583374
24.883963584899902 31.72572374343872 117.5780577659607
23.10065491994222 31.8005952835083 106.80333423614502
26.135393778483074 31.73973846435547 125.07262420654297
23.882172266642254 31.78275775909424 111.51027584075928
25.36103916168213 31.788387298583984 120.37784767150879
23.82584222157796 31.751118659973145 111.20393466949463
25.833736101786297 31.656310081481934 123.34610652923584
25.232064565022785 31.72931718826294 119.66307020187378
25.461153666178387 31.709839344024658 121.05708265304565
25.904900868733723 31.683964252471924 123.74544095993042
25.269246737162273 31.69965648651123 119.9158239364624
25.889277776082356 31.602257251739502 123.73340940475464
24.30995496114095 31.74888849258423 114.11084127426147
25.094074567159016 31.681276321411133 118.88317108154297
25.3647034962972 31.61579942703247 120.57242155075073
25.54988129933675 31.736887454986572 121.56240034103394
26.29985173543294 31.683168411254883 126.11594200134277
26.209551493326824 31.585854530334473 125.67145442962646
25.530183792114258 31.627607345581055 121.55349540710449
26.180229504903156 31.656702518463135 125.42467451095581
26.800474484761555 31.720943450927734 129.0819034576416
28.364487330118816 31.745590686798096 138.4413332939148
30.045362154642742 31.822126388549805 148.45004653930664
24.79094664255778 31.816977500915527 116.92870235443115
26.49476909637451 31.74048614501953 127.22812843322754
27.79188346862793 31.705249309539795 135.04605150222778
27.001264254252117 31.72635316848755 130.28123235702515
25.372105598449707 31.68969202041626 120.54294157028198
25.655261357625324 31.7208309173584 122.21073722839355
25.506392161051433 31.686238288879395 121.3521146774292
26.178813616434734 31.672695636749268 125.40018606185913
25.101913770039875 31.694788455963135 118.91669416427612
24.38629213968913 31.69514751434326 114.6226053237915
25.201072692871094 31.698241710662842 119.50819444656372
24.16313076019287 31.634577751159668 113.34420680999756
24.76371955871582 31.620296955108643 116.96202039718628
24.91593138376872 31.630016803741455 117.86557149887085
26.992311159769695 31.687840938568115 130.26602602005005
25.614306767781574 31.67470693588257 122.01113367080688
25.693176587422688 31.634281158447266 122.52477836608887
25.733795483907063 31.728940963745117 122.67383193969727
24.574100812276203 31.72151803970337 115.72308683395386
28.674537022908527 31.74067783355713 140.30654430389404
25.94432481129964 31.749236583709717 123.91671228408813
27.679739634195965 31.83429527282715 134.24414253234863
24.283836364746094 31.72541618347168 113.97760200500488
25.19748369852702 31.70729923248291 119.4776029586792
27.234528223673504 31.74945592880249 131.65771341323853
24.53248119354248 31.728724002838135 115.46616315841675
24.99533208211263 31.58914804458618 118.3828444480896
26.323243141174316 31.697824954986572 126.24163389205933
25.19442876180013 31.579411029815674 119.58716154098511
26.97555414835612 31.658387660980225 130.1949372291565
25.93103567759196 31.69965648651123 123.88655757904053
25.78645674387614 31.56800079345703 123.1507396697998
26.2460511525472 31.661453247070312 125.81485366821289
24.679279963175457 31.56564712524414 116.5100326538086
27.21481418609619 31.579962253570557 131.7089228630066
24.952243169148762 31.593710899353027 118.11974811553955
25.359838167826336 31.700634956359863 120.45839405059814
27.64794095357259 31.70308542251587 134.18456029891968
26.68069012959798 31.59700870513916 128.48713207244873
25.055206298828125 31.67440414428711 118.65683364868164
26.577794710795086 31.629762172698975 127.83700609207153
25.4110533396403 31.613203525543213 120.85311651229858
26.36008294423421 31.644285678863525 126.51621198654175
27.388468424479168 31.82020092010498 132.51060962677002
27.24319044748942 31.617277145385742 131.84186553955078
26.03944460550944 31.59852409362793 124.63814353942871
27.952088673909504 31.502782344818115 136.20974969863892
27.00140635172526 31.693486213684082 130.31495189666748
25.91447925567627 31.728861808776855 123.75801372528076
28.00494639078776 31.691569328308105 136.33810901641846
27.77155335744222 31.83661413192749 134.79270601272583
27.50379467010498 31.698707103729248 133.32406091690063
28.274820963541668 31.724586486816406 137.9243392944336
28.109238306681316 31.642322063446045 137.01310777664185
26.50952943166097 31.686129570007324 127.3710470199585
28.719441731770832 31.653598308563232 140.66305208206177
28.3705898920695 31.671761989593506 138.5517773628235
27.700107256571453 31.56467914581299 134.63596439361572
27.98910140991211 31.589232921600342 136.34537553787231
27.352110544840496 31.550160884857178 132.5625023841858
26.345637957255047 31.572669982910156 126.50115776062012
28.192263921101887 31.71407413482666 137.43950939178467
29.569196383158367 31.63563632965088 145.77954196929932
27.9416405359904 31.641969680786133 136.00787353515625
27.19673442840576 31.54450750350952 131.63589906692505
26.574941953023274 31.686895847320557 127.76275587081909
27.569826126098633 31.608700275421143 133.81025648117065
27.47171942392985 31.647736072540283 133.18258047103882
25.69854736328125 31.654654026031494 122.536630153656
26.895261764526367 31.704923629760742 129.66664695739746
29.456894874572754 31.615848541259766 145.12552070617676
27.874873797098797 31.62354326248169 135.62569952011108
25.664043426513672 31.656264305114746 122.32799625396729
26.25206406911214 31.65970802307129 125.85267639160156
26.94307804107666 31.623671531677246 130.03479671478271
27.105676651000977 31.63575506210327 130.9983048439026
28.594059626261394 31.69248390197754 139.87187385559082
28.49856948852539 31.604315280914307 139.38710165023804
27.980069478352863 31.534387588500977 136.3460292816162
28.868695576985676 31.559325695037842 141.65284776687622
28.48578993479411 31.621773719787598 139.29296588897705
29.46455987294515 31.57100009918213 145.21635913848877
28.25708802541097 31.57675266265869 137.96577548980713
28.986827850341797 31.585808277130127 142.33515882492065
27.80017153422038 31.64452314376831 135.15650606155396
25.214466094970703 31.561543464660645 119.72525310516357
28.07493241628011 31.616003036499023 136.83359146118164
27.839449882507324 31.616419792175293 135.42027950286865
29.002826690673828 31.589670658111572 142.4272894859314
29.996010462443035 31.524707317352295 148.4513554573059
28.000215848286945 31.525563716888428 136.47573137283325
28.423043251037598 31.509923934936523 139.02833557128906
27.13735071818034 31.608646392822266 131.21545791625977
25.483855565388996 31.624016761779785 121.2791166305542
29.901530901590984 31.70152997970581 147.7076554298401
28.517401695251465 31.66685724258423 139.43755292892456
28.366716702779133 31.459289073944092 138.7410111427307
27.695181846618652 31.566351413726807 134.6047396659851
27.92812665303548 31.64436960220337 135.92439031600952
29.23541482289632 31.486268520355225 143.9262204170227
31.85535462697347 31.621071815490723 159.5110559463501
30.382490158081055 31.630678176879883 150.66426277160645
28.727526028951008 31.563652515411377 140.80150365829468
27.0296204884847 31.70785665512085 130.46986627578735
30.699684778849285 31.562291145324707 152.635817527771
29.575875918070476 31.568231105804443 145.8870244026184
28.643999417622883 31.627901077270508 140.2360954284668
27.871333122253418 31.525859355926514 135.702139377594
28.2096160252889 31.478933334350586 137.7787628173828
28.384941418965656 31.511796951293945 138.7978515625
31.427878379821777 31.66552972793579 156.90174055099487
26.41160710652669 31.549350261688232 126.92029237747192
29.765832265218098 31.493048667907715 147.10194492340088
28.877539316813152 31.573874950408936 141.69136095046997
30.047144254048664 31.559255599975586 148.7236099243164
28.09506829579671 31.631962776184082 136.9384469985962
27.890588760375977 31.5221848487854 135.82134771347046
28.396313349405926 31.423882961273193 138.95399713516235
30.43047332763672 31.629088878631592 150.95375108718872
27.490050315856934 31.598729133605957 133.34157276153564
28.51466941833496 31.603845596313477 139.4841709136963
27.455510139465332 31.534475326538086 133.1985855102539
29.24384530385335 31.53205442428589 143.93101739883423
28.751484870910645 31.554200649261475 140.9547085762024
28.86645221710205 31.638097286224365 141.56061601638794
27.421751340230305 31.57326602935791 132.95724201202393
28.971581776936848 31.716488361358643 142.11300230026245
27.161768277486164 31.592880249023438 131.37772941589355
29.50733248392741 31.609353065490723 145.43464183807373
31.867350896199543 31.580931663513184 159.62317371368408
27.35851001739502 31.589353561401367 132.56170654296875
27.975429852803547 31.64096975326538 136.2116093635559
29.398337364196777 31.568996906280518 144.82102727890015
27.029178937276203 31.595169067382812 130.5799045562744
29.33491039276123 31.594106197357178 144.4153561592102
27.936413764953613 31.56868886947632 136.04979372024536
28.88396676381429 31.575072765350342 141.7287278175354
30.157820065816242 31.587923049926758 149.3589973449707
27.795793851216633 31.624281406402588 135.15048170089722
28.133258819580078 31.424381732940674 137.3751711845398
26.139526049296062 31.615116596221924 125.22203969955444
28.45840581258138 31.57057809829712 139.17985677719116
28.321802457173664 31.556697845458984 138.374116897583
30.219106038411457 31.54194974899292 149.77268648147583
27.818569819132488 31.53830575942993 135.373113155365
27.93084939320882 31.560089111328125 136.0250072479248
27.78289031982422 31.55106496810913 135.14627695083618
28.16393502553304 31.59056282043457 137.39304733276367
29.209178924560547 31.53470277786255 143.72037076950073
29.75368817647298 31.548726081848145 146.97340297698975
31.277501742045086 31.47065258026123 156.19435787200928
28.460750579833984 31.554173469543457 139.21033000946045
29.90381399790446 31.50008773803711 147.92279624938965
29.26754347483317 31.577287673950195 144.02797317504883
27.778271675109863 31.54350709915161 135.12612295150757
27.86062208811442 31.55976676940918 135.60396575927734
29.26338005065918 31.585410118103027 143.99487018585205
30.42665195465088 31.551486492156982 151.0084252357483
27.296027819315594 31.4570894241333 132.31907749176025
29.085989634195965 31.48724126815796 143.02869653701782
29.339845657348633 31.46464967727661 144.57442426681519
29.001569747924805 31.539869785308838 142.46954870224
29.196364720662434 31.56547784805298 143.61271047592163
29.580246925354004 31.591372966766357 145.89010858535767
30.92250982920329 31.560858249664307 153.97420072555542
28.620624542236328 31.47804594039917 140.2457013130188
28.28739897410075 31.509226322174072 138.21516752243042
30.5333153406779 31.560523509979248 151.63936853408813
29.48572317759196 31.56319761276245 145.3511414527893
28.327780723571777 31.590826988220215 138.37585735321045
29.825778643290203 31.523706912994385 147.43096494674683
28.993163108825684 31.513263702392578 142.44571495056152
29.98721981048584 31.552213668823242 148.3711051940918
29.367907842000324 31.560417652130127 144.64702939987183
28.446598052978516 31.526838779449463 139.15274953842163
30.144633611043293 31.478538036346436 149.38926362991333
28.24324957529704 31.572179317474365 137.88731813430786
29.56366507212321 31.534236431121826 145.84775400161743
28.747107187906902 31.465564250946045 141.01707887649536
30.42157745361328 31.398719310760498 151.1307454109192
28.88165855407715 31.48296070098877 141.80699062347412
29.47123908996582 31.511032581329346 145.31640195846558
29.953442255655926 31.559946060180664 148.16070747375488
30.609618822733562 31.442245483398438 152.21546745300293
29.876253763834637 31.52971076965332 147.7278118133545
30.69410769144694 31.517117977142334 152.6475281715393
30.099600474039715 31.42473793029785 149.17286491394043
30.482741673787434 31.528886318206787 151.36756372451782
31.425738016764324 31.450857162475586 157.10357093811035
29.999414443969727 31.508806228637695 148.48768043518066
32.03512477874756 31.590696334838867 160.62005233764648
30.062966346740723 31.489439010620117 148.88835906982422
31.598102569580078 31.485675811767578 158.1029396057129
32.68571821848551 31.44375705718994 164.67055225372314
28.886017481486004 31.47591543197632 141.8401894569397
29.779623985290527 31.5289249420166 147.14881896972656
29.042833646138508 31.53575086593628 142.72125101089478
32.487945556640625 31.539700031280518 163.38797330856323
31.05930995941162 31.451644897460938 154.9042148590088
30.692708015441895 31.51944923400879 152.63679885864258
30.404436747233074 31.439324855804443 150.987295627594
30.513752301534016 31.488045692443848 151.59446811676025
30.561299006144207 31.448058128356934 151.9197359085083
30.63426621754964 31.445300579071045 152.3602967262268
30.87549114227295 31.42876958847046 153.82417726516724
32.119628270467125 31.54235076904297 161.17541885375977
29.510273615519207 31.531906127929688 145.52973556518555
30.827106475830078 31.482128620147705 153.48051023483276
32.089549700419106 31.48424005508423 161.05305814743042
29.05521519978841 31.445563793182373 142.8857274055481
32.08065382639567 31.46129846572876 161.02262449264526
31.32779343922933 31.43054437637329 156.53621625900269
32.50143973032633 31.46841049194336 163.54022789001465
31.774617513020832 31.47598695755005 159.17171812057495
31.546508471171062 31.555097103118896 157.72395372390747
30.433580716451008 31.440359592437744 151.1611247062683
31.355411211649578 31.47383451461792 156.65863275527954
31.55382760365804 31.44518518447876 157.87778043746948
31.120497067769367 31.560948848724365 155.16203355789185
30.19279130299886 31.461671352386475 149.6950764656067
29.77453835805257 31.512033462524414 147.13519668579102
30.60031255086263 31.424320220947266 152.17755508422852
30.862497329711914 31.42987298965454 153.74511098861694
31.025651295979817 31.368926525115967 154.78498125076294
29.254905064900715 31.45186471939087 144.07756567001343
31.7279535929362 31.446449279785156 158.92127227783203
31.224215825398762 31.44984531402588 155.8954496383667
32.10340595245361 31.508675575256348 161.11176013946533
30.60541025797526 31.52845811843872 152.10400342941284
29.879716555277508 31.53056049346924 147.7477388381958
30.006781260172527 31.448841094970703 148.59184646606445
31.351452827453613 31.43603515625 156.67268180847168
32.299811045328774 31.42868137359619 162.37018489837646
30.365949630737305 31.469171047210693 150.72652673721313
31.09853744506836 31.50961685180664 155.08160781860352
32.36354192097982 31.52119779586792 162.660053730011
30.53719361623128 31.46088695526123 151.76227474212646
31.85510794321696 31.357893466949463 159.7727541923523
31.355970700581867 31.544970989227295 156.59085321426392
31.30445162455241 31.53170108795166 156.2950086593628
32.348414738972984 31.461502075195312 162.62898635864258
31.338180859883625 31.42704677581787 156.6020383834839
31.778711318969727 31.50170660018921 159.17056131362915
33.680014292399086 31.439457893371582 170.64062786102295
32.87498982747396 31.488579750061035 165.76135921478271
30.74069595336914 31.486260890960693 152.95791482925415
31.66028372446696 31.361498832702637 158.60020351409912
32.03232002258301 31.411856174468994 160.78206396102905
31.008113225301106 31.429550647735596 154.61912870407104
32.713254610697426 31.449315071105957 164.8302125930786
30.314431190490723 31.37363338470459 150.51295375823975
30.690868377685547 31.448424816131592 152.6967854499817
32.408998807271324 31.35362672805786 163.10036611557007
31.748699188232422 31.47562074661255 159.01657438278198
32.27216593424479 31.526339054107666 162.10665655136108
31.970412890116375 31.46925163269043 160.3532257080078
33.52537854512533 31.43388271331787 169.71838855743408
30.041348775227863 31.50309467315674 148.74499797821045
31.453467051188152 31.434375762939453 157.28642654418945
31.1401465733846 31.468947410583496 155.37193202972412
31.378617604573567 31.519963264465332 156.75174236297607
30.770063718159992 31.45521593093872 153.16516637802124
30.427899996439617 31.396158695220947 151.17124128341675
32.518750508626304 31.43536138534546 163.67714166641235
30.359978675842285 31.42194366455078 150.73792839050293
33.04815196990967 31.475006103515625 166.81390571594238
32.20157845815023 31.46143102645874 161.74803972244263
31.725958506266277 31.456130027770996 158.89962100982666
32.684337298075356 31.49540138244629 164.61062240600586
30.835819562276203 31.400312900543213 153.614604473114
31.46408176422119 31.49140691757202 157.29308366775513
30.631731669108074 31.43567991256714 152.3547101020813
32.81710433959961 31.467382431030273 165.43524360656738
34.68978500366211 31.449608325958252 176.6891016960144
32.51708539326986 31.457509994506836 163.6450023651123
32.55153624216715 31.473904609680176 163.83531284332275
32.717180252075195 31.30471181869507 164.9983696937561
33.26612504323324 31.396090507507324 168.2006597518921
32.44869645436605 31.44877290725708 163.2434058189392
33.14568837483724 31.406073093414307 167.46805715560913
33.81509526570638 31.399139404296875 171.4914321899414
31.18470064798991 31.415761947631836 155.69244194030762
30.74558226267497 31.390368938446045 153.08312463760376
29.944780667622883 31.548186779022217 148.1204972267151
34.12491830190023 31.40956401824951 173.33994579315186
31.64663283030192 31.402568340301514 158.47722864151
32.89513715108236 31.478249549865723 165.89257335662842
32.4499085744222 31.475035190582275 163.22441625595093
32.51677099863688 31.438700199127197 163.6619257926941
33.03949419657389 31.43149185180664 166.80547332763672
32.21966743469238 31.39490032196045 161.92310428619385
33.112792015075684 31.447406768798828 167.22934532165527
30.790771166483562 31.47804069519043 153.26658630371094
32.10463205973307 31.475176334381104 161.15261602401733
31.717721621195476 31.389146327972412 158.91718339920044
32.652801195780434 31.36705207824707 164.54975509643555
32.655104319254555 31.40877389907837 164.52185201644897
33.62189197540283 31.3996901512146 170.3316617012024
33.330732345581055 31.500455379486084 168.48393869400024
33.87892436981201 31.347057342529297 171.92648887634277
33.584288914998375 31.51436948776245 169.99136400222778
30.3592529296875 31.37750482559204 150.77801275253296
32.66756693522135 31.490817070007324 164.5145845413208
32.281652768452965 31.369237899780273 162.3206787109375
31.943657557169598 31.39382839202881 160.26811695098877
31.28970940907796 31.471794605255127 156.26646184921265
31.7558012008667 31.393122673034668 159.14168453216553
31.304033597310383 31.44142198562622 156.38277959823608
31.638161341349285 31.344075679779053 158.48489236831665
34.86467901865641 31.360197067260742 177.82787704467773
32.7798490524292 31.490617752075195 165.1884765625
31.942265510559082 31.453371047973633 160.20022201538086
32.65062300364176 31.45284366607666 164.45089435577393
31.46575355529785 31.503345489501953 157.29117584228516
33.004990577697754 31.468645572662354 166.56129789352417
32.72425397237142 31.369839191436768 164.97568464279175
33.348175048828125 31.406397819519043 168.6826524734497
